<?xml version="1.0" encoding="utf-8" ?>
<!DOCTYPE html PUBLIC "-//W3C//DTD XHTML 1.0 Strict//EN"
        "http://www.w3.org/TR/xhtml1/DTD/xhtml1-strict.dtd">
<html xmlns="http://www.w3.org/1999/xhtml" xml:lang="" lang="">
<head>
  <title>Test Results Report - Default test</title>
  <meta http-equiv="Content-Type" content="text/html;charset=utf-8" />
  <meta name="description" content="TestNG unit test results." />
  <link href="reportng.css" rel="stylesheet" type="text/css" />
    <script type="text/javascript" src="reportng.js"></script>
</head>
<body>
<h1>Default test</h1>
<p>
  Test duration: 117.300s
</p>



  <table class="resultsTable">
    <tr><th colspan="3" class="header failed">Failed Tests</th></tr>
          <tr>
        <td colspan="3" class="group">com.dbyl.tests.loginTest</td>
      </tr>
            
<tr>
  <td class="method">
                  loginByUerName
      </td>
  <td class="duration">
    114.001s
  </td>
  <td class="result">
        
    
        

        <a href="javascript:toggleElement('exception-0', 'block')" title="Click to expand/collapse"><b>org.openqa.selenium.TimeoutException: Timed out after 3 seconds waiting for com.dbyl.libarary.utils.BasePage$2@2043c172<br/>
Build info: version: &apos;2.47.1&apos;, revision: &apos;411b314&apos;, time: &apos;2015-07-30 02:56:46&apos;<br/>
System info: host: &apos;Young-PC&apos;, ip: &apos;192.168.91.1&apos;, os.name: &apos;Windows 7&apos;, os.arch: &apos;amd64&apos;, os.version: &apos;6.1&apos;, java.version: &apos;1.7.0_79&apos;<br/>
Session ID: ccf559ba16c511fb9b375a4c66f232f2<br/>
Driver info: org.openqa.selenium.chrome.ChromeDriver<br/>
Capabilities [{platform=XP, acceptSslCerts=true, javascriptEnabled=true, browserName=chrome, chrome={userDataDir=C:\Users\Young\AppData\Local\Temp\scoped_dir7668_26023}, rotatable=false, locationContextEnabled=true, mobileEmulationEnabled=false, version=44.0.2403.107, takesHeapSnapshot=true, cssSelectorsEnabled=true, databaseEnabled=false, handlesAlerts=true, browserConnectionEnabled=false, webStorageEnabled=true, nativeEvents=true, applicationCacheEnabled=false, takesScreenshot=true}]</b></a><br />
    <div class="stackTrace" id="exception-0">
              org.openqa.selenium.support.ui.WebDriverWait.timeoutException(WebDriverWait.java:80)<br />
              org.openqa.selenium.support.ui.FluentWait.until(FluentWait.java:229)<br />
              com.dbyl.libarary.utils.BasePage.findElement(BasePage.java:188)<br />
              com.dbyl.libarary.utils.BasePage$1.apply(BasePage.java:161)<br />
              com.dbyl.libarary.utils.BasePage$1.apply(BasePage.java:1)<br />
              org.openqa.selenium.support.ui.FluentWait.until(FluentWait.java:209)<br />
              com.dbyl.libarary.utils.BasePage.isElementPresent(BasePage.java:158)<br />
              com.dbyl.libarary.utils.BasePage.isElementPresent(BasePage.java:177)<br />
              com.dbyl.libarary.pageAction.LoginPage.isPrestentProfile(LoginPage.java:45)<br />
              com.dbyl.libarary.action.CommonLogin.login(CommonLogin.java:27)<br />
              com.dbyl.libarary.action.CommonLogin.login(CommonLogin.java:33)<br />
              com.dbyl.libarary.action.ViewHomePage.viewMyProfile(ViewHomePage.java:26)<br />
              com.dbyl.tests.loginTest.loginByUerName(loginTest.java:27)<br />
              sun.reflect.NativeMethodAccessorImpl.invoke0(Native Method)<br />
              sun.reflect.NativeMethodAccessorImpl.invoke(Unknown Source)<br />
              sun.reflect.DelegatingMethodAccessorImpl.invoke(Unknown Source)<br />
              java.lang.reflect.Method.invoke(Unknown Source)<br />
              org.testng.internal.MethodInvocationHelper.invokeMethod(MethodInvocationHelper.java:85)<br />
              org.testng.internal.Invoker.invokeMethod(Invoker.java:648)<br />
              org.testng.internal.Invoker.invokeTestMethod(Invoker.java:834)<br />
              org.testng.internal.Invoker.invokeTestMethods(Invoker.java:1142)<br />
              org.testng.internal.TestMethodWorker.invokeTestMethods(TestMethodWorker.java:124)<br />
              org.testng.internal.TestMethodWorker.run(TestMethodWorker.java:108)<br />
              org.testng.TestRunner.privateRun(TestRunner.java:771)<br />
              org.testng.TestRunner.run(TestRunner.java:621)<br />
              org.testng.SuiteRunner.runTest(SuiteRunner.java:357)<br />
              org.testng.SuiteRunner.runSequentially(SuiteRunner.java:352)<br />
              org.testng.SuiteRunner.privateRun(SuiteRunner.java:310)<br />
              org.testng.SuiteRunner.run(SuiteRunner.java:259)<br />
              org.testng.SuiteRunnerWorker.runSuite(SuiteRunnerWorker.java:52)<br />
              org.testng.SuiteRunnerWorker.run(SuiteRunnerWorker.java:86)<br />
              org.testng.TestNG.runSuitesSequentially(TestNG.java:1176)<br />
              org.testng.TestNG.runSuitesLocally(TestNG.java:1101)<br />
              org.testng.TestNG.run(TestNG.java:1009)<br />
              org.testng.remote.RemoteTestNG.run(RemoteTestNG.java:111)<br />
              org.testng.remote.RemoteTestNG.initAndRun(RemoteTestNG.java:204)<br />
              org.testng.remote.RemoteTestNG.main(RemoteTestNG.java:175)<br />
                    <b>Caused by: </b> <a href="javascript:toggleElement('exception-1', 'block')" title="Click to expand/collapse">org.openqa.selenium.NoSuchElementException: no such element<br/>
&nbsp; (Session info: chrome=44.0.2403.107)<br/>
&nbsp; (Driver info: chromedriver=2.13.307647 (5a7d0541ebc58e69994a6fb2ed930f45261f3c29),platform=Windows NT 6.1 SP1 x86_64) (WARNING: The server did not provide any stacktrace information)<br/>
Command duration or timeout: 20 milliseconds<br/>
For documentation on this error, please visit: http://seleniumhq.org/exceptions/no_such_element.html<br/>
Build info: version: &apos;2.47.1&apos;, revision: &apos;411b314&apos;, time: &apos;2015-07-30 02:56:46&apos;<br/>
System info: host: &apos;Young-PC&apos;, ip: &apos;192.168.91.1&apos;, os.name: &apos;Windows 7&apos;, os.arch: &apos;amd64&apos;, os.version: &apos;6.1&apos;, java.version: &apos;1.7.0_79&apos;<br/>
*** Element info: {Using=xpath, value=//div[@class=&apos;top-nav-profile&apos;]//img[@class=&apos;avatar&apos;]}<br/>
Session ID: ccf559ba16c511fb9b375a4c66f232f2<br/>
Driver info: org.openqa.selenium.chrome.ChromeDriver<br/>
Capabilities [{platform=XP, acceptSslCerts=true, javascriptEnabled=true, browserName=chrome, chrome={userDataDir=C:\Users\Young\AppData\Local\Temp\scoped_dir7668_26023}, rotatable=false, locationContextEnabled=true, mobileEmulationEnabled=false, version=44.0.2403.107, takesHeapSnapshot=true, cssSelectorsEnabled=true, databaseEnabled=false, handlesAlerts=true, browserConnectionEnabled=false, webStorageEnabled=true, nativeEvents=true, applicationCacheEnabled=false, takesScreenshot=true}]</a><br />
        <div class="stackTrace" id="exception-1">
                      sun.reflect.NativeConstructorAccessorImpl.newInstance0(Native Method)<br />
                      sun.reflect.NativeConstructorAccessorImpl.newInstance(Unknown Source)<br />
                      sun.reflect.DelegatingConstructorAccessorImpl.newInstance(Unknown Source)<br />
                      java.lang.reflect.Constructor.newInstance(Unknown Source)<br />
                      org.openqa.selenium.remote.ErrorHandler.createThrowable(ErrorHandler.java:206)<br />
                      org.openqa.selenium.remote.ErrorHandler.throwIfResponseFailed(ErrorHandler.java:158)<br />
                      org.openqa.selenium.remote.RemoteWebDriver.execute(RemoteWebDriver.java:595)<br />
                      org.openqa.selenium.remote.RemoteWebDriver.findElement(RemoteWebDriver.java:348)<br />
                      org.openqa.selenium.remote.RemoteWebDriver.findElementByXPath(RemoteWebDriver.java:445)<br />
                      org.openqa.selenium.By$ByXPath.findElement(By.java:358)<br />
                      org.openqa.selenium.remote.RemoteWebDriver.findElement(RemoteWebDriver.java:340)<br />
                      com.dbyl.libarary.utils.BasePage.getElement(BasePage.java:117)<br />
                      com.dbyl.libarary.utils.BasePage$2.apply(BasePage.java:193)<br />
                      com.dbyl.libarary.utils.BasePage$2.apply(BasePage.java:1)<br />
                      org.openqa.selenium.support.ui.FluentWait.until(FluentWait.java:209)<br />
                      com.dbyl.libarary.utils.BasePage.findElement(BasePage.java:188)<br />
                      com.dbyl.libarary.utils.BasePage$1.apply(BasePage.java:161)<br />
                      com.dbyl.libarary.utils.BasePage$1.apply(BasePage.java:1)<br />
                      org.openqa.selenium.support.ui.FluentWait.until(FluentWait.java:209)<br />
                      com.dbyl.libarary.utils.BasePage.isElementPresent(BasePage.java:158)<br />
                      com.dbyl.libarary.utils.BasePage.isElementPresent(BasePage.java:177)<br />
                      com.dbyl.libarary.pageAction.LoginPage.isPrestentProfile(LoginPage.java:45)<br />
                      com.dbyl.libarary.action.CommonLogin.login(CommonLogin.java:27)<br />
                      com.dbyl.libarary.action.CommonLogin.login(CommonLogin.java:33)<br />
                      com.dbyl.libarary.action.ViewHomePage.viewMyProfile(ViewHomePage.java:26)<br />
                      com.dbyl.tests.loginTest.loginByUerName(loginTest.java:27)<br />
                      sun.reflect.NativeMethodAccessorImpl.invoke0(Native Method)<br />
                      sun.reflect.NativeMethodAccessorImpl.invoke(Unknown Source)<br />
                      sun.reflect.DelegatingMethodAccessorImpl.invoke(Unknown Source)<br />
                      java.lang.reflect.Method.invoke(Unknown Source)<br />
                      org.testng.internal.MethodInvocationHelper.invokeMethod(MethodInvocationHelper.java:85)<br />
                      org.testng.internal.Invoker.invokeMethod(Invoker.java:648)<br />
                      org.testng.internal.Invoker.invokeTestMethod(Invoker.java:834)<br />
                      org.testng.internal.Invoker.invokeTestMethods(Invoker.java:1142)<br />
                      org.testng.internal.TestMethodWorker.invokeTestMethods(TestMethodWorker.java:124)<br />
                      org.testng.internal.TestMethodWorker.run(TestMethodWorker.java:108)<br />
                      org.testng.TestRunner.privateRun(TestRunner.java:771)<br />
                      org.testng.TestRunner.run(TestRunner.java:621)<br />
                      org.testng.SuiteRunner.runTest(SuiteRunner.java:357)<br />
                      org.testng.SuiteRunner.runSequentially(SuiteRunner.java:352)<br />
                      org.testng.SuiteRunner.privateRun(SuiteRunner.java:310)<br />
                      org.testng.SuiteRunner.run(SuiteRunner.java:259)<br />
                      org.testng.SuiteRunnerWorker.runSuite(SuiteRunnerWorker.java:52)<br />
                      org.testng.SuiteRunnerWorker.run(SuiteRunnerWorker.java:86)<br />
                      org.testng.TestNG.runSuitesSequentially(TestNG.java:1176)<br />
                      org.testng.TestNG.runSuitesLocally(TestNG.java:1101)<br />
                      org.testng.TestNG.run(TestNG.java:1009)<br />
                      org.testng.remote.RemoteTestNG.run(RemoteTestNG.java:111)<br />
                      org.testng.remote.RemoteTestNG.initAndRun(RemoteTestNG.java:204)<br />
                      org.testng.remote.RemoteTestNG.main(RemoteTestNG.java:175)<br />
                  </div>
          </div>
      </td>
</tr>
      </table>


  
</body>
</html>
